Spark Command: /Library/Java/JavaVirtualMachines/jdk1.7.0_67.jdk/Contents/Home/jre/bin/java -cp /Users/hirokinaganuma/Desktop/SORACOM/Spark/spark-2.0.0-bin-hadoop2.7/conf/:/Users/hirokinaganuma/Desktop/SORACOM/Spark/spark-2.0.0-bin-hadoop2.7/jars/* -Xmx1g -XX:MaxPermSize=256m org.apache.spark.deploy.worker.Worker --webui-port 8081 spark://Hiroki-no-MacBook-Pro-2.local:7077
========================================
Using Spark's default log4j profile: org/apache/spark/log4j-defaults.properties
16/09/09 10:05:54 INFO Worker: Started daemon with process name: 2655@Hiroki-no-MacBook-Pro-2.local
16/09/09 10:05:54 INFO SignalUtils: Registered signal handler for TERM
16/09/09 10:05:54 INFO SignalUtils: Registered signal handler for HUP
16/09/09 10:05:54 INFO SignalUtils: Registered signal handler for INT
16/09/09 10:05:55 WARN NativeCodeLoader: Unable to load native-hadoop library for your platform... using builtin-java classes where applicable
16/09/09 10:05:55 INFO SecurityManager: Changing view acls to: hirokinaganuma
16/09/09 10:05:55 INFO SecurityManager: Changing modify acls to: hirokinaganuma
16/09/09 10:05:55 INFO SecurityManager: Changing view acls groups to: 
16/09/09 10:05:55 INFO SecurityManager: Changing modify acls groups to: 
16/09/09 10:05:55 INFO SecurityManager: SecurityManager: authentication disabled; ui acls disabled; users  with view permissions: Set(hirokinaganuma); groups with view permissions: Set(); users  with modify permissions: Set(hirokinaganuma); groups with modify permissions: Set()
16/09/09 10:05:55 INFO Utils: Successfully started service 'sparkWorker' on port 61247.
16/09/09 10:05:56 INFO Worker: Starting Spark worker 192.168.1.20:61247 with 4 cores, 7.0 GB RAM
16/09/09 10:05:56 INFO Worker: Running Spark version 2.0.0
16/09/09 10:05:56 INFO Worker: Spark home: /Users/hirokinaganuma/Desktop/SORACOM/Spark/spark-2.0.0-bin-hadoop2.7
16/09/09 10:05:56 INFO Utils: Successfully started service 'WorkerUI' on port 8081.
16/09/09 10:05:56 INFO WorkerWebUI: Bound WorkerWebUI to 0.0.0.0, and started at http://192.168.1.20:8081
16/09/09 10:05:56 INFO Worker: Connecting to master Hiroki-no-MacBook-Pro-2.local:7077...
16/09/09 10:05:56 INFO TransportClientFactory: Successfully created connection to Hiroki-no-MacBook-Pro-2.local/192.168.1.20:7077 after 67 ms (0 ms spent in bootstraps)
16/09/09 10:05:56 INFO Worker: Successfully registered with master spark://Hiroki-no-MacBook-Pro-2.local:7077
16/09/09 10:08:53 INFO Worker: Asked to launch executor app-20160909100853-0000/0 for Spark shell
16/09/09 10:08:53 INFO SecurityManager: Changing view acls to: hirokinaganuma
16/09/09 10:08:53 INFO SecurityManager: Changing modify acls to: hirokinaganuma
16/09/09 10:08:53 INFO SecurityManager: Changing view acls groups to: 
16/09/09 10:08:53 INFO SecurityManager: Changing modify acls groups to: 
16/09/09 10:08:53 INFO SecurityManager: SecurityManager: authentication disabled; ui acls disabled; users  with view permissions: Set(hirokinaganuma); groups with view permissions: Set(); users  with modify permissions: Set(hirokinaganuma); groups with modify permissions: Set()
16/09/09 10:08:53 INFO ExecutorRunner: Launch command: "/Library/Java/JavaVirtualMachines/jdk1.7.0_67.jdk/Contents/Home/jre/bin/java" "-cp" "/Users/hirokinaganuma/Desktop/SORACOM/Spark/spark-2.0.0-bin-hadoop2.7/conf/:/Users/hirokinaganuma/Desktop/SORACOM/Spark/spark-2.0.0-bin-hadoop2.7/jars/*" "-Xmx1024M" "-Dspark.driver.port=61261" "-XX:MaxPermSize=256m" "org.apache.spark.executor.CoarseGrainedExecutorBackend" "--driver-url" "spark://CoarseGrainedScheduler@192.168.1.20:61261" "--executor-id" "0" "--hostname" "192.168.1.20" "--cores" "4" "--app-id" "app-20160909100853-0000" "--worker-url" "spark://Worker@192.168.1.20:61247"
16/09/09 15:50:12 INFO Worker: Asked to kill executor app-20160909100853-0000/0
16/09/09 15:50:12 INFO ExecutorRunner: Runner thread for executor app-20160909100853-0000/0 interrupted
16/09/09 15:50:12 INFO ExecutorRunner: Killing process!
16/09/09 15:50:12 INFO Worker: Executor app-20160909100853-0000/0 finished with state KILLED exitStatus 0
16/09/09 15:50:12 INFO Worker: Cleaning up local directories for application app-20160909100853-0000
16/09/09 15:50:12 INFO ExternalShuffleBlockResolver: Application app-20160909100853-0000 removed, cleanupLocalDirs = true
16/09/09 16:12:15 INFO Worker: Asked to launch executor app-20160909161215-0001/0 for Spark shell
16/09/09 16:12:15 INFO SecurityManager: Changing view acls to: hirokinaganuma
16/09/09 16:12:15 INFO SecurityManager: Changing modify acls to: hirokinaganuma
16/09/09 16:12:15 INFO SecurityManager: Changing view acls groups to: 
16/09/09 16:12:15 INFO SecurityManager: Changing modify acls groups to: 
16/09/09 16:12:15 INFO SecurityManager: SecurityManager: authentication disabled; ui acls disabled; users  with view permissions: Set(hirokinaganuma); groups with view permissions: Set(); users  with modify permissions: Set(hirokinaganuma); groups with modify permissions: Set()
16/09/09 16:12:15 INFO ExecutorRunner: Launch command: "/Library/Java/JavaVirtualMachines/jdk1.7.0_67.jdk/Contents/Home/jre/bin/java" "-cp" "/Users/hirokinaganuma/Desktop/SORACOM/Spark/spark-2.0.0-bin-hadoop2.7/conf/:/Users/hirokinaganuma/Desktop/SORACOM/Spark/spark-2.0.0-bin-hadoop2.7/jars/*" "-Xmx1024M" "-Dspark.driver.port=63535" "-XX:MaxPermSize=256m" "org.apache.spark.executor.CoarseGrainedExecutorBackend" "--driver-url" "spark://CoarseGrainedScheduler@192.168.1.20:63535" "--executor-id" "0" "--hostname" "192.168.1.20" "--cores" "4" "--app-id" "app-20160909161215-0001" "--worker-url" "spark://Worker@192.168.1.20:61247"
16/09/09 16:13:00 INFO Worker: Asked to kill executor app-20160909161215-0001/0
16/09/09 16:13:00 INFO ExecutorRunner: Runner thread for executor app-20160909161215-0001/0 interrupted
16/09/09 16:13:00 INFO ExecutorRunner: Killing process!
16/09/09 16:13:00 INFO Worker: Executor app-20160909161215-0001/0 finished with state KILLED exitStatus 0
16/09/09 16:13:00 INFO Worker: Cleaning up local directories for application app-20160909161215-0001
16/09/09 16:13:00 INFO ExternalShuffleBlockResolver: Application app-20160909161215-0001 removed, cleanupLocalDirs = true
16/09/10 00:28:56 WARN TransportChannelHandler: Exception in connection from Hiroki-no-MacBook-Pro-2.local/192.168.1.20:7077
java.io.IOException: Operation timed out
	at sun.nio.ch.FileDispatcherImpl.read0(Native Method)
	at sun.nio.ch.SocketDispatcher.read(SocketDispatcher.java:39)
	at sun.nio.ch.IOUtil.readIntoNativeBuffer(IOUtil.java:223)
	at sun.nio.ch.IOUtil.read(IOUtil.java:192)
	at sun.nio.ch.SocketChannelImpl.read(SocketChannelImpl.java:379)
	at io.netty.buffer.PooledUnsafeDirectByteBuf.setBytes(PooledUnsafeDirectByteBuf.java:313)
	at io.netty.buffer.AbstractByteBuf.writeBytes(AbstractByteBuf.java:881)
	at io.netty.channel.socket.nio.NioSocketChannel.doReadBytes(NioSocketChannel.java:242)
	at io.netty.channel.nio.AbstractNioByteChannel$NioByteUnsafe.read(AbstractNioByteChannel.java:119)
	at io.netty.channel.nio.NioEventLoop.processSelectedKey(NioEventLoop.java:511)
	at io.netty.channel.nio.NioEventLoop.processSelectedKeysOptimized(NioEventLoop.java:468)
	at io.netty.channel.nio.NioEventLoop.processSelectedKeys(NioEventLoop.java:382)
	at io.netty.channel.nio.NioEventLoop.run(NioEventLoop.java:354)
	at io.netty.util.concurrent.SingleThreadEventExecutor$2.run(SingleThreadEventExecutor.java:111)
	at java.lang.Thread.run(Thread.java:745)
16/09/10 00:28:56 INFO Worker: Hiroki-no-MacBook-Pro-2.local:7077 Disassociated !
16/09/10 00:28:56 ERROR Worker: Connection to master failed! Waiting for master to reconnect...
16/09/10 00:28:56 INFO Worker: Hiroki-no-MacBook-Pro-2.local:7077 Disassociated !
16/09/10 00:28:56 INFO Worker: Connecting to master Hiroki-no-MacBook-Pro-2.local:7077...
16/09/10 00:28:56 ERROR Worker: Connection to master failed! Waiting for master to reconnect...
16/09/10 00:28:56 INFO Worker: Not spawning another attempt to register with the master, since there is an attempt scheduled already.
16/09/10 00:28:56 INFO TransportClientFactory: Found inactive connection to Hiroki-no-MacBook-Pro-2.local/192.168.3.2:7077, creating a new one.
16/09/10 00:28:56 WARN Worker: Failed to connect to master Hiroki-no-MacBook-Pro-2.local:7077
org.apache.spark.SparkException: Exception thrown in awaitResult
	at org.apache.spark.rpc.RpcTimeout$$anonfun$1.applyOrElse(RpcTimeout.scala:77)
	at org.apache.spark.rpc.RpcTimeout$$anonfun$1.applyOrElse(RpcTimeout.scala:75)
	at scala.runtime.AbstractPartialFunction.apply(AbstractPartialFunction.scala:36)
	at org.apache.spark.rpc.RpcTimeout$$anonfun$addMessageIfTimeout$1.applyOrElse(RpcTimeout.scala:59)
	at org.apache.spark.rpc.RpcTimeout$$anonfun$addMessageIfTimeout$1.applyOrElse(RpcTimeout.scala:59)
	at scala.PartialFunction$OrElse.apply(PartialFunction.scala:167)
	at org.apache.spark.rpc.RpcTimeout.awaitResult(RpcTimeout.scala:83)
	at org.apache.spark.rpc.RpcEnv.setupEndpointRefByURI(RpcEnv.scala:88)
	at org.apache.spark.rpc.RpcEnv.setupEndpointRef(RpcEnv.scala:96)
	at org.apache.spark.deploy.worker.Worker$$anonfun$org$apache$spark$deploy$worker$Worker$$tryRegisterAllMasters$1$$anon$1.run(Worker.scala:216)
	at java.util.concurrent.Executors$RunnableAdapter.call(Executors.java:471)
	at java.util.concurrent.FutureTask.run(FutureTask.java:262)
	at java.util.concurrent.ThreadPoolExecutor.runWorker(ThreadPoolExecutor.java:1145)
	at java.util.concurrent.ThreadPoolExecutor$Worker.run(ThreadPoolExecutor.java:615)
	at java.lang.Thread.run(Thread.java:745)
Caused by: java.io.IOException: Failed to connect to Hiroki-no-MacBook-Pro-2.local/192.168.3.2:7077
	at org.apache.spark.network.client.TransportClientFactory.createClient(TransportClientFactory.java:228)
	at org.apache.spark.network.client.TransportClientFactory.createClient(TransportClientFactory.java:179)
	at org.apache.spark.rpc.netty.NettyRpcEnv.createClient(NettyRpcEnv.scala:197)
	at org.apache.spark.rpc.netty.Outbox$$anon$1.call(Outbox.scala:191)
	at org.apache.spark.rpc.netty.Outbox$$anon$1.call(Outbox.scala:187)
	... 4 more
Caused by: java.net.ConnectException: Connection refused: Hiroki-no-MacBook-Pro-2.local/192.168.3.2:7077
	at sun.nio.ch.SocketChannelImpl.checkConnect(Native Method)
	at sun.nio.ch.SocketChannelImpl.finishConnect(SocketChannelImpl.java:739)
	at io.netty.channel.socket.nio.NioSocketChannel.doFinishConnect(NioSocketChannel.java:224)
	at io.netty.channel.nio.AbstractNioChannel$AbstractNioUnsafe.finishConnect(AbstractNioChannel.java:289)
	at io.netty.channel.nio.NioEventLoop.processSelectedKey(NioEventLoop.java:528)
	at io.netty.channel.nio.NioEventLoop.processSelectedKeysOptimized(NioEventLoop.java:468)
	at io.netty.channel.nio.NioEventLoop.processSelectedKeys(NioEventLoop.java:382)
	at io.netty.channel.nio.NioEventLoop.run(NioEventLoop.java:354)
	at io.netty.util.concurrent.SingleThreadEventExecutor$2.run(SingleThreadEventExecutor.java:111)
	... 1 more
16/09/10 00:29:05 INFO Worker: Retrying connection to master (attempt # 1)
16/09/10 00:29:05 INFO Worker: Connecting to master Hiroki-no-MacBook-Pro-2.local:7077...
16/09/10 00:29:05 INFO TransportClientFactory: Found inactive connection to Hiroki-no-MacBook-Pro-2.local/192.168.3.2:7077, creating a new one.
16/09/10 00:29:05 WARN Worker: Failed to connect to master Hiroki-no-MacBook-Pro-2.local:7077
org.apache.spark.SparkException: Exception thrown in awaitResult
	at org.apache.spark.rpc.RpcTimeout$$anonfun$1.applyOrElse(RpcTimeout.scala:77)
	at org.apache.spark.rpc.RpcTimeout$$anonfun$1.applyOrElse(RpcTimeout.scala:75)
	at scala.runtime.AbstractPartialFunction.apply(AbstractPartialFunction.scala:36)
	at org.apache.spark.rpc.RpcTimeout$$anonfun$addMessageIfTimeout$1.applyOrElse(RpcTimeout.scala:59)
	at org.apache.spark.rpc.RpcTimeout$$anonfun$addMessageIfTimeout$1.applyOrElse(RpcTimeout.scala:59)
	at scala.PartialFunction$OrElse.apply(PartialFunction.scala:167)
	at org.apache.spark.rpc.RpcTimeout.awaitResult(RpcTimeout.scala:83)
	at org.apache.spark.rpc.RpcEnv.setupEndpointRefByURI(RpcEnv.scala:88)
	at org.apache.spark.rpc.RpcEnv.setupEndpointRef(RpcEnv.scala:96)
	at org.apache.spark.deploy.worker.Worker$$anonfun$org$apache$spark$deploy$worker$Worker$$reregisterWithMaster$1$$anon$2.run(Worker.scala:272)
	at java.util.concurrent.Executors$RunnableAdapter.call(Executors.java:471)
	at java.util.concurrent.FutureTask.run(FutureTask.java:262)
	at java.util.concurrent.ThreadPoolExecutor.runWorker(ThreadPoolExecutor.java:1145)
	at java.util.concurrent.ThreadPoolExecutor$Worker.run(ThreadPoolExecutor.java:615)
	at java.lang.Thread.run(Thread.java:745)
Caused by: java.io.IOException: Failed to connect to Hiroki-no-MacBook-Pro-2.local/192.168.3.2:7077
	at org.apache.spark.network.client.TransportClientFactory.createClient(TransportClientFactory.java:228)
	at org.apache.spark.network.client.TransportClientFactory.createClient(TransportClientFactory.java:179)
	at org.apache.spark.rpc.netty.NettyRpcEnv.createClient(NettyRpcEnv.scala:197)
	at org.apache.spark.rpc.netty.Outbox$$anon$1.call(Outbox.scala:191)
	at org.apache.spark.rpc.netty.Outbox$$anon$1.call(Outbox.scala:187)
	... 4 more
Caused by: java.net.ConnectException: Connection refused: Hiroki-no-MacBook-Pro-2.local/192.168.3.2:7077
	at sun.nio.ch.SocketChannelImpl.checkConnect(Native Method)
	at sun.nio.ch.SocketChannelImpl.finishConnect(SocketChannelImpl.java:739)
	at io.netty.channel.socket.nio.NioSocketChannel.doFinishConnect(NioSocketChannel.java:224)
	at io.netty.channel.nio.AbstractNioChannel$AbstractNioUnsafe.finishConnect(AbstractNioChannel.java:289)
	at io.netty.channel.nio.NioEventLoop.processSelectedKey(NioEventLoop.java:528)
	at io.netty.channel.nio.NioEventLoop.processSelectedKeysOptimized(NioEventLoop.java:468)
	at io.netty.channel.nio.NioEventLoop.processSelectedKeys(NioEventLoop.java:382)
	at io.netty.channel.nio.NioEventLoop.run(NioEventLoop.java:354)
	at io.netty.util.concurrent.SingleThreadEventExecutor$2.run(SingleThreadEventExecutor.java:111)
	... 1 more
16/09/10 00:29:14 INFO Worker: Retrying connection to master (attempt # 2)
16/09/10 00:29:14 INFO Worker: Connecting to master Hiroki-no-MacBook-Pro-2.local:7077...
16/09/10 00:29:14 INFO TransportClientFactory: Found inactive connection to Hiroki-no-MacBook-Pro-2.local/192.168.3.2:7077, creating a new one.
16/09/10 00:29:14 WARN Worker: Failed to connect to master Hiroki-no-MacBook-Pro-2.local:7077
org.apache.spark.SparkException: Exception thrown in awaitResult
	at org.apache.spark.rpc.RpcTimeout$$anonfun$1.applyOrElse(RpcTimeout.scala:77)
	at org.apache.spark.rpc.RpcTimeout$$anonfun$1.applyOrElse(RpcTimeout.scala:75)
	at scala.runtime.AbstractPartialFunction.apply(AbstractPartialFunction.scala:36)
	at org.apache.spark.rpc.RpcTimeout$$anonfun$addMessageIfTimeout$1.applyOrElse(RpcTimeout.scala:59)
	at org.apache.spark.rpc.RpcTimeout$$anonfun$addMessageIfTimeout$1.applyOrElse(RpcTimeout.scala:59)
	at scala.PartialFunction$OrElse.apply(PartialFunction.scala:167)
	at org.apache.spark.rpc.RpcTimeout.awaitResult(RpcTimeout.scala:83)
	at org.apache.spark.rpc.RpcEnv.setupEndpointRefByURI(RpcEnv.scala:88)
	at org.apache.spark.rpc.RpcEnv.setupEndpointRef(RpcEnv.scala:96)
	at org.apache.spark.deploy.worker.Worker$$anonfun$org$apache$spark$deploy$worker$Worker$$reregisterWithMaster$1$$anon$2.run(Worker.scala:272)
	at java.util.concurrent.Executors$RunnableAdapter.call(Executors.java:471)
	at java.util.concurrent.FutureTask.run(FutureTask.java:262)
	at java.util.concurrent.ThreadPoolExecutor.runWorker(ThreadPoolExecutor.java:1145)
	at java.util.concurrent.ThreadPoolExecutor$Worker.run(ThreadPoolExecutor.java:615)
	at java.lang.Thread.run(Thread.java:745)
Caused by: java.io.IOException: Failed to connect to Hiroki-no-MacBook-Pro-2.local/192.168.3.2:7077
	at org.apache.spark.network.client.TransportClientFactory.createClient(TransportClientFactory.java:228)
	at org.apache.spark.network.client.TransportClientFactory.createClient(TransportClientFactory.java:179)
	at org.apache.spark.rpc.netty.NettyRpcEnv.createClient(NettyRpcEnv.scala:197)
	at org.apache.spark.rpc.netty.Outbox$$anon$1.call(Outbox.scala:191)
	at org.apache.spark.rpc.netty.Outbox$$anon$1.call(Outbox.scala:187)
	... 4 more
Caused by: java.net.ConnectException: Connection refused: Hiroki-no-MacBook-Pro-2.local/192.168.3.2:7077
	at sun.nio.ch.SocketChannelImpl.checkConnect(Native Method)
	at sun.nio.ch.SocketChannelImpl.finishConnect(SocketChannelImpl.java:739)
	at io.netty.channel.socket.nio.NioSocketChannel.doFinishConnect(NioSocketChannel.java:224)
	at io.netty.channel.nio.AbstractNioChannel$AbstractNioUnsafe.finishConnect(AbstractNioChannel.java:289)
	at io.netty.channel.nio.NioEventLoop.processSelectedKey(NioEventLoop.java:528)
	at io.netty.channel.nio.NioEventLoop.processSelectedKeysOptimized(NioEventLoop.java:468)
	at io.netty.channel.nio.NioEventLoop.processSelectedKeys(NioEventLoop.java:382)
	at io.netty.channel.nio.NioEventLoop.run(NioEventLoop.java:354)
	at io.netty.util.concurrent.SingleThreadEventExecutor$2.run(SingleThreadEventExecutor.java:111)
	... 1 more
16/09/10 00:29:23 INFO Worker: Retrying connection to master (attempt # 3)
16/09/10 00:29:23 INFO Worker: Connecting to master Hiroki-no-MacBook-Pro-2.local:7077...
16/09/10 00:29:23 INFO TransportClientFactory: Found inactive connection to Hiroki-no-MacBook-Pro-2.local/192.168.3.2:7077, creating a new one.
16/09/10 00:29:23 WARN Worker: Failed to connect to master Hiroki-no-MacBook-Pro-2.local:7077
org.apache.spark.SparkException: Exception thrown in awaitResult
	at org.apache.spark.rpc.RpcTimeout$$anonfun$1.applyOrElse(RpcTimeout.scala:77)
	at org.apache.spark.rpc.RpcTimeout$$anonfun$1.applyOrElse(RpcTimeout.scala:75)
	at scala.runtime.AbstractPartialFunction.apply(AbstractPartialFunction.scala:36)
	at org.apache.spark.rpc.RpcTimeout$$anonfun$addMessageIfTimeout$1.applyOrElse(RpcTimeout.scala:59)
	at org.apache.spark.rpc.RpcTimeout$$anonfun$addMessageIfTimeout$1.applyOrElse(RpcTimeout.scala:59)
	at scala.PartialFunction$OrElse.apply(PartialFunction.scala:167)
	at org.apache.spark.rpc.RpcTimeout.awaitResult(RpcTimeout.scala:83)
	at org.apache.spark.rpc.RpcEnv.setupEndpointRefByURI(RpcEnv.scala:88)
	at org.apache.spark.rpc.RpcEnv.setupEndpointRef(RpcEnv.scala:96)
	at org.apache.spark.deploy.worker.Worker$$anonfun$org$apache$spark$deploy$worker$Worker$$reregisterWithMaster$1$$anon$2.run(Worker.scala:272)
	at java.util.concurrent.Executors$RunnableAdapter.call(Executors.java:471)
	at java.util.concurrent.FutureTask.run(FutureTask.java:262)
	at java.util.concurrent.ThreadPoolExecutor.runWorker(ThreadPoolExecutor.java:1145)
	at java.util.concurrent.ThreadPoolExecutor$Worker.run(ThreadPoolExecutor.java:615)
	at java.lang.Thread.run(Thread.java:745)
Caused by: java.io.IOException: Failed to connect to Hiroki-no-MacBook-Pro-2.local/192.168.3.2:7077
	at org.apache.spark.network.client.TransportClientFactory.createClient(TransportClientFactory.java:228)
	at org.apache.spark.network.client.TransportClientFactory.createClient(TransportClientFactory.java:179)
	at org.apache.spark.rpc.netty.NettyRpcEnv.createClient(NettyRpcEnv.scala:197)
	at org.apache.spark.rpc.netty.Outbox$$anon$1.call(Outbox.scala:191)
	at org.apache.spark.rpc.netty.Outbox$$anon$1.call(Outbox.scala:187)
	... 4 more
Caused by: java.net.ConnectException: Connection refused: Hiroki-no-MacBook-Pro-2.local/192.168.3.2:7077
	at sun.nio.ch.SocketChannelImpl.checkConnect(Native Method)
	at sun.nio.ch.SocketChannelImpl.finishConnect(SocketChannelImpl.java:739)
	at io.netty.channel.socket.nio.NioSocketChannel.doFinishConnect(NioSocketChannel.java:224)
	at io.netty.channel.nio.AbstractNioChannel$AbstractNioUnsafe.finishConnect(AbstractNioChannel.java:289)
	at io.netty.channel.nio.NioEventLoop.processSelectedKey(NioEventLoop.java:528)
	at io.netty.channel.nio.NioEventLoop.processSelectedKeysOptimized(NioEventLoop.java:468)
	at io.netty.channel.nio.NioEventLoop.processSelectedKeys(NioEventLoop.java:382)
	at io.netty.channel.nio.NioEventLoop.run(NioEventLoop.java:354)
	at io.netty.util.concurrent.SingleThreadEventExecutor$2.run(SingleThreadEventExecutor.java:111)
	... 1 more
16/09/10 00:29:32 INFO Worker: Retrying connection to master (attempt # 4)
16/09/10 00:29:32 INFO Worker: Connecting to master Hiroki-no-MacBook-Pro-2.local:7077...
16/09/10 00:29:32 INFO TransportClientFactory: Found inactive connection to Hiroki-no-MacBook-Pro-2.local/192.168.3.2:7077, creating a new one.
16/09/10 00:29:32 WARN Worker: Failed to connect to master Hiroki-no-MacBook-Pro-2.local:7077
org.apache.spark.SparkException: Exception thrown in awaitResult
	at org.apache.spark.rpc.RpcTimeout$$anonfun$1.applyOrElse(RpcTimeout.scala:77)
	at org.apache.spark.rpc.RpcTimeout$$anonfun$1.applyOrElse(RpcTimeout.scala:75)
	at scala.runtime.AbstractPartialFunction.apply(AbstractPartialFunction.scala:36)
	at org.apache.spark.rpc.RpcTimeout$$anonfun$addMessageIfTimeout$1.applyOrElse(RpcTimeout.scala:59)
	at org.apache.spark.rpc.RpcTimeout$$anonfun$addMessageIfTimeout$1.applyOrElse(RpcTimeout.scala:59)
	at scala.PartialFunction$OrElse.apply(PartialFunction.scala:167)
	at org.apache.spark.rpc.RpcTimeout.awaitResult(RpcTimeout.scala:83)
	at org.apache.spark.rpc.RpcEnv.setupEndpointRefByURI(RpcEnv.scala:88)
	at org.apache.spark.rpc.RpcEnv.setupEndpointRef(RpcEnv.scala:96)
	at org.apache.spark.deploy.worker.Worker$$anonfun$org$apache$spark$deploy$worker$Worker$$reregisterWithMaster$1$$anon$2.run(Worker.scala:272)
	at java.util.concurrent.Executors$RunnableAdapter.call(Executors.java:471)
	at java.util.concurrent.FutureTask.run(FutureTask.java:262)
	at java.util.concurrent.ThreadPoolExecutor.runWorker(ThreadPoolExecutor.java:1145)
	at java.util.concurrent.ThreadPoolExecutor$Worker.run(ThreadPoolExecutor.java:615)
	at java.lang.Thread.run(Thread.java:745)
Caused by: java.io.IOException: Failed to connect to Hiroki-no-MacBook-Pro-2.local/192.168.3.2:7077
	at org.apache.spark.network.client.TransportClientFactory.createClient(TransportClientFactory.java:228)
	at org.apache.spark.network.client.TransportClientFactory.createClient(TransportClientFactory.java:179)
	at org.apache.spark.rpc.netty.NettyRpcEnv.createClient(NettyRpcEnv.scala:197)
	at org.apache.spark.rpc.netty.Outbox$$anon$1.call(Outbox.scala:191)
	at org.apache.spark.rpc.netty.Outbox$$anon$1.call(Outbox.scala:187)
	... 4 more
Caused by: java.net.ConnectException: Connection refused: Hiroki-no-MacBook-Pro-2.local/192.168.3.2:7077
	at sun.nio.ch.SocketChannelImpl.checkConnect(Native Method)
	at sun.nio.ch.SocketChannelImpl.finishConnect(SocketChannelImpl.java:739)
	at io.netty.channel.socket.nio.NioSocketChannel.doFinishConnect(NioSocketChannel.java:224)
	at io.netty.channel.nio.AbstractNioChannel$AbstractNioUnsafe.finishConnect(AbstractNioChannel.java:289)
	at io.netty.channel.nio.NioEventLoop.processSelectedKey(NioEventLoop.java:528)
	at io.netty.channel.nio.NioEventLoop.processSelectedKeysOptimized(NioEventLoop.java:468)
	at io.netty.channel.nio.NioEventLoop.processSelectedKeys(NioEventLoop.java:382)
	at io.netty.channel.nio.NioEventLoop.run(NioEventLoop.java:354)
	at io.netty.util.concurrent.SingleThreadEventExecutor$2.run(SingleThreadEventExecutor.java:111)
	... 1 more
16/09/10 00:29:41 INFO Worker: Retrying connection to master (attempt # 5)
16/09/10 00:29:41 INFO Worker: Connecting to master Hiroki-no-MacBook-Pro-2.local:7077...
16/09/10 00:29:41 INFO TransportClientFactory: Found inactive connection to Hiroki-no-MacBook-Pro-2.local/192.168.3.2:7077, creating a new one.
16/09/10 00:29:41 WARN Worker: Failed to connect to master Hiroki-no-MacBook-Pro-2.local:7077
org.apache.spark.SparkException: Exception thrown in awaitResult
	at org.apache.spark.rpc.RpcTimeout$$anonfun$1.applyOrElse(RpcTimeout.scala:77)
	at org.apache.spark.rpc.RpcTimeout$$anonfun$1.applyOrElse(RpcTimeout.scala:75)
	at scala.runtime.AbstractPartialFunction.apply(AbstractPartialFunction.scala:36)
	at org.apache.spark.rpc.RpcTimeout$$anonfun$addMessageIfTimeout$1.applyOrElse(RpcTimeout.scala:59)
	at org.apache.spark.rpc.RpcTimeout$$anonfun$addMessageIfTimeout$1.applyOrElse(RpcTimeout.scala:59)
	at scala.PartialFunction$OrElse.apply(PartialFunction.scala:167)
	at org.apache.spark.rpc.RpcTimeout.awaitResult(RpcTimeout.scala:83)
	at org.apache.spark.rpc.RpcEnv.setupEndpointRefByURI(RpcEnv.scala:88)
	at org.apache.spark.rpc.RpcEnv.setupEndpointRef(RpcEnv.scala:96)
	at org.apache.spark.deploy.worker.Worker$$anonfun$org$apache$spark$deploy$worker$Worker$$reregisterWithMaster$1$$anon$2.run(Worker.scala:272)
	at java.util.concurrent.Executors$RunnableAdapter.call(Executors.java:471)
	at java.util.concurrent.FutureTask.run(FutureTask.java:262)
	at java.util.concurrent.ThreadPoolExecutor.runWorker(ThreadPoolExecutor.java:1145)
	at java.util.concurrent.ThreadPoolExecutor$Worker.run(ThreadPoolExecutor.java:615)
	at java.lang.Thread.run(Thread.java:745)
Caused by: java.io.IOException: Failed to connect to Hiroki-no-MacBook-Pro-2.local/192.168.3.2:7077
	at org.apache.spark.network.client.TransportClientFactory.createClient(TransportClientFactory.java:228)
	at org.apache.spark.network.client.TransportClientFactory.createClient(TransportClientFactory.java:179)
	at org.apache.spark.rpc.netty.NettyRpcEnv.createClient(NettyRpcEnv.scala:197)
	at org.apache.spark.rpc.netty.Outbox$$anon$1.call(Outbox.scala:191)
	at org.apache.spark.rpc.netty.Outbox$$anon$1.call(Outbox.scala:187)
	... 4 more
Caused by: java.net.ConnectException: Connection refused: Hiroki-no-MacBook-Pro-2.local/192.168.3.2:7077
	at sun.nio.ch.SocketChannelImpl.checkConnect(Native Method)
	at sun.nio.ch.SocketChannelImpl.finishConnect(SocketChannelImpl.java:739)
	at io.netty.channel.socket.nio.NioSocketChannel.doFinishConnect(NioSocketChannel.java:224)
	at io.netty.channel.nio.AbstractNioChannel$AbstractNioUnsafe.finishConnect(AbstractNioChannel.java:289)
	at io.netty.channel.nio.NioEventLoop.processSelectedKey(NioEventLoop.java:528)
	at io.netty.channel.nio.NioEventLoop.processSelectedKeysOptimized(NioEventLoop.java:468)
	at io.netty.channel.nio.NioEventLoop.processSelectedKeys(NioEventLoop.java:382)
	at io.netty.channel.nio.NioEventLoop.run(NioEventLoop.java:354)
	at io.netty.util.concurrent.SingleThreadEventExecutor$2.run(SingleThreadEventExecutor.java:111)
	... 1 more
16/09/10 00:29:50 INFO Worker: Retrying connection to master (attempt # 6)
16/09/10 00:29:50 INFO Worker: Connecting to master Hiroki-no-MacBook-Pro-2.local:7077...
16/09/10 00:29:50 INFO TransportClientFactory: Found inactive connection to Hiroki-no-MacBook-Pro-2.local/192.168.3.2:7077, creating a new one.
16/09/10 00:29:50 WARN Worker: Failed to connect to master Hiroki-no-MacBook-Pro-2.local:7077
org.apache.spark.SparkException: Exception thrown in awaitResult
	at org.apache.spark.rpc.RpcTimeout$$anonfun$1.applyOrElse(RpcTimeout.scala:77)
	at org.apache.spark.rpc.RpcTimeout$$anonfun$1.applyOrElse(RpcTimeout.scala:75)
	at scala.runtime.AbstractPartialFunction.apply(AbstractPartialFunction.scala:36)
	at org.apache.spark.rpc.RpcTimeout$$anonfun$addMessageIfTimeout$1.applyOrElse(RpcTimeout.scala:59)
	at org.apache.spark.rpc.RpcTimeout$$anonfun$addMessageIfTimeout$1.applyOrElse(RpcTimeout.scala:59)
	at scala.PartialFunction$OrElse.apply(PartialFunction.scala:167)
	at org.apache.spark.rpc.RpcTimeout.awaitResult(RpcTimeout.scala:83)
	at org.apache.spark.rpc.RpcEnv.setupEndpointRefByURI(RpcEnv.scala:88)
	at org.apache.spark.rpc.RpcEnv.setupEndpointRef(RpcEnv.scala:96)
	at org.apache.spark.deploy.worker.Worker$$anonfun$org$apache$spark$deploy$worker$Worker$$reregisterWithMaster$1$$anon$2.run(Worker.scala:272)
	at java.util.concurrent.Executors$RunnableAdapter.call(Executors.java:471)
	at java.util.concurrent.FutureTask.run(FutureTask.java:262)
	at java.util.concurrent.ThreadPoolExecutor.runWorker(ThreadPoolExecutor.java:1145)
	at java.util.concurrent.ThreadPoolExecutor$Worker.run(ThreadPoolExecutor.java:615)
	at java.lang.Thread.run(Thread.java:745)
Caused by: java.io.IOException: Failed to connect to Hiroki-no-MacBook-Pro-2.local/192.168.3.2:7077
	at org.apache.spark.network.client.TransportClientFactory.createClient(TransportClientFactory.java:228)
	at org.apache.spark.network.client.TransportClientFactory.createClient(TransportClientFactory.java:179)
	at org.apache.spark.rpc.netty.NettyRpcEnv.createClient(NettyRpcEnv.scala:197)
	at org.apache.spark.rpc.netty.Outbox$$anon$1.call(Outbox.scala:191)
	at org.apache.spark.rpc.netty.Outbox$$anon$1.call(Outbox.scala:187)
	... 4 more
Caused by: java.net.ConnectException: Connection refused: Hiroki-no-MacBook-Pro-2.local/192.168.3.2:7077
	at sun.nio.ch.SocketChannelImpl.checkConnect(Native Method)
	at sun.nio.ch.SocketChannelImpl.finishConnect(SocketChannelImpl.java:739)
	at io.netty.channel.socket.nio.NioSocketChannel.doFinishConnect(NioSocketChannel.java:224)
	at io.netty.channel.nio.AbstractNioChannel$AbstractNioUnsafe.finishConnect(AbstractNioChannel.java:289)
	at io.netty.channel.nio.NioEventLoop.processSelectedKey(NioEventLoop.java:528)
	at io.netty.channel.nio.NioEventLoop.processSelectedKeysOptimized(NioEventLoop.java:468)
	at io.netty.channel.nio.NioEventLoop.processSelectedKeys(NioEventLoop.java:382)
	at io.netty.channel.nio.NioEventLoop.run(NioEventLoop.java:354)
	at io.netty.util.concurrent.SingleThreadEventExecutor$2.run(SingleThreadEventExecutor.java:111)
	... 1 more
16/09/10 00:30:46 INFO Worker: Retrying connection to master (attempt # 7)
16/09/10 00:30:46 INFO Worker: Connecting to master Hiroki-no-MacBook-Pro-2.local:7077...
16/09/10 00:30:46 INFO TransportClientFactory: Found inactive connection to Hiroki-no-MacBook-Pro-2.local/192.168.3.2:7077, creating a new one.
16/09/10 00:30:46 WARN Worker: Failed to connect to master Hiroki-no-MacBook-Pro-2.local:7077
org.apache.spark.SparkException: Exception thrown in awaitResult
	at org.apache.spark.rpc.RpcTimeout$$anonfun$1.applyOrElse(RpcTimeout.scala:77)
	at org.apache.spark.rpc.RpcTimeout$$anonfun$1.applyOrElse(RpcTimeout.scala:75)
	at scala.runtime.AbstractPartialFunction.apply(AbstractPartialFunction.scala:36)
	at org.apache.spark.rpc.RpcTimeout$$anonfun$addMessageIfTimeout$1.applyOrElse(RpcTimeout.scala:59)
	at org.apache.spark.rpc.RpcTimeout$$anonfun$addMessageIfTimeout$1.applyOrElse(RpcTimeout.scala:59)
	at scala.PartialFunction$OrElse.apply(PartialFunction.scala:167)
	at org.apache.spark.rpc.RpcTimeout.awaitResult(RpcTimeout.scala:83)
	at org.apache.spark.rpc.RpcEnv.setupEndpointRefByURI(RpcEnv.scala:88)
	at org.apache.spark.rpc.RpcEnv.setupEndpointRef(RpcEnv.scala:96)
	at org.apache.spark.deploy.worker.Worker$$anonfun$org$apache$spark$deploy$worker$Worker$$reregisterWithMaster$1$$anon$2.run(Worker.scala:272)
	at java.util.concurrent.Executors$RunnableAdapter.call(Executors.java:471)
	at java.util.concurrent.FutureTask.run(FutureTask.java:262)
	at java.util.concurrent.ThreadPoolExecutor.runWorker(ThreadPoolExecutor.java:1145)
	at java.util.concurrent.ThreadPoolExecutor$Worker.run(ThreadPoolExecutor.java:615)
	at java.lang.Thread.run(Thread.java:745)
Caused by: java.io.IOException: Failed to connect to Hiroki-no-MacBook-Pro-2.local/192.168.3.2:7077
	at org.apache.spark.network.client.TransportClientFactory.createClient(TransportClientFactory.java:228)
	at org.apache.spark.network.client.TransportClientFactory.createClient(TransportClientFactory.java:179)
	at org.apache.spark.rpc.netty.NettyRpcEnv.createClient(NettyRpcEnv.scala:197)
	at org.apache.spark.rpc.netty.Outbox$$anon$1.call(Outbox.scala:191)
	at org.apache.spark.rpc.netty.Outbox$$anon$1.call(Outbox.scala:187)
	... 4 more
Caused by: java.net.ConnectException: Connection refused: Hiroki-no-MacBook-Pro-2.local/192.168.3.2:7077
	at sun.nio.ch.SocketChannelImpl.checkConnect(Native Method)
	at sun.nio.ch.SocketChannelImpl.finishConnect(SocketChannelImpl.java:739)
	at io.netty.channel.socket.nio.NioSocketChannel.doFinishConnect(NioSocketChannel.java:224)
	at io.netty.channel.nio.AbstractNioChannel$AbstractNioUnsafe.finishConnect(AbstractNioChannel.java:289)
	at io.netty.channel.nio.NioEventLoop.processSelectedKey(NioEventLoop.java:528)
	at io.netty.channel.nio.NioEventLoop.processSelectedKeysOptimized(NioEventLoop.java:468)
	at io.netty.channel.nio.NioEventLoop.processSelectedKeys(NioEventLoop.java:382)
	at io.netty.channel.nio.NioEventLoop.run(NioEventLoop.java:354)
	at io.netty.util.concurrent.SingleThreadEventExecutor$2.run(SingleThreadEventExecutor.java:111)
	... 1 more
16/09/10 00:31:42 INFO Worker: Retrying connection to master (attempt # 8)
16/09/10 00:31:42 INFO Worker: Connecting to master Hiroki-no-MacBook-Pro-2.local:7077...
16/09/10 00:31:42 INFO TransportClientFactory: Found inactive connection to Hiroki-no-MacBook-Pro-2.local/192.168.3.2:7077, creating a new one.
16/09/10 00:31:42 WARN Worker: Failed to connect to master Hiroki-no-MacBook-Pro-2.local:7077
org.apache.spark.SparkException: Exception thrown in awaitResult
	at org.apache.spark.rpc.RpcTimeout$$anonfun$1.applyOrElse(RpcTimeout.scala:77)
	at org.apache.spark.rpc.RpcTimeout$$anonfun$1.applyOrElse(RpcTimeout.scala:75)
	at scala.runtime.AbstractPartialFunction.apply(AbstractPartialFunction.scala:36)
	at org.apache.spark.rpc.RpcTimeout$$anonfun$addMessageIfTimeout$1.applyOrElse(RpcTimeout.scala:59)
	at org.apache.spark.rpc.RpcTimeout$$anonfun$addMessageIfTimeout$1.applyOrElse(RpcTimeout.scala:59)
	at scala.PartialFunction$OrElse.apply(PartialFunction.scala:167)
	at org.apache.spark.rpc.RpcTimeout.awaitResult(RpcTimeout.scala:83)
	at org.apache.spark.rpc.RpcEnv.setupEndpointRefByURI(RpcEnv.scala:88)
	at org.apache.spark.rpc.RpcEnv.setupEndpointRef(RpcEnv.scala:96)
	at org.apache.spark.deploy.worker.Worker$$anonfun$org$apache$spark$deploy$worker$Worker$$reregisterWithMaster$1$$anon$2.run(Worker.scala:272)
	at java.util.concurrent.Executors$RunnableAdapter.call(Executors.java:471)
	at java.util.concurrent.FutureTask.run(FutureTask.java:262)
	at java.util.concurrent.ThreadPoolExecutor.runWorker(ThreadPoolExecutor.java:1145)
	at java.util.concurrent.ThreadPoolExecutor$Worker.run(ThreadPoolExecutor.java:615)
	at java.lang.Thread.run(Thread.java:745)
Caused by: java.io.IOException: Failed to connect to Hiroki-no-MacBook-Pro-2.local/192.168.3.2:7077
	at org.apache.spark.network.client.TransportClientFactory.createClient(TransportClientFactory.java:228)
	at org.apache.spark.network.client.TransportClientFactory.createClient(TransportClientFactory.java:179)
	at org.apache.spark.rpc.netty.NettyRpcEnv.createClient(NettyRpcEnv.scala:197)
	at org.apache.spark.rpc.netty.Outbox$$anon$1.call(Outbox.scala:191)
	at org.apache.spark.rpc.netty.Outbox$$anon$1.call(Outbox.scala:187)
	... 4 more
Caused by: java.net.ConnectException: Connection refused: Hiroki-no-MacBook-Pro-2.local/192.168.3.2:7077
	at sun.nio.ch.SocketChannelImpl.checkConnect(Native Method)
	at sun.nio.ch.SocketChannelImpl.finishConnect(SocketChannelImpl.java:739)
	at io.netty.channel.socket.nio.NioSocketChannel.doFinishConnect(NioSocketChannel.java:224)
	at io.netty.channel.nio.AbstractNioChannel$AbstractNioUnsafe.finishConnect(AbstractNioChannel.java:289)
	at io.netty.channel.nio.NioEventLoop.processSelectedKey(NioEventLoop.java:528)
	at io.netty.channel.nio.NioEventLoop.processSelectedKeysOptimized(NioEventLoop.java:468)
	at io.netty.channel.nio.NioEventLoop.processSelectedKeys(NioEventLoop.java:382)
	at io.netty.channel.nio.NioEventLoop.run(NioEventLoop.java:354)
	at io.netty.util.concurrent.SingleThreadEventExecutor$2.run(SingleThreadEventExecutor.java:111)
	... 1 more
16/09/10 00:32:38 INFO Worker: Retrying connection to master (attempt # 9)
16/09/10 00:32:38 INFO Worker: Connecting to master Hiroki-no-MacBook-Pro-2.local:7077...
16/09/10 00:32:38 INFO TransportClientFactory: Found inactive connection to Hiroki-no-MacBook-Pro-2.local/192.168.3.2:7077, creating a new one.
16/09/10 00:32:38 WARN Worker: Failed to connect to master Hiroki-no-MacBook-Pro-2.local:7077
org.apache.spark.SparkException: Exception thrown in awaitResult
	at org.apache.spark.rpc.RpcTimeout$$anonfun$1.applyOrElse(RpcTimeout.scala:77)
	at org.apache.spark.rpc.RpcTimeout$$anonfun$1.applyOrElse(RpcTimeout.scala:75)
	at scala.runtime.AbstractPartialFunction.apply(AbstractPartialFunction.scala:36)
	at org.apache.spark.rpc.RpcTimeout$$anonfun$addMessageIfTimeout$1.applyOrElse(RpcTimeout.scala:59)
	at org.apache.spark.rpc.RpcTimeout$$anonfun$addMessageIfTimeout$1.applyOrElse(RpcTimeout.scala:59)
	at scala.PartialFunction$OrElse.apply(PartialFunction.scala:167)
	at org.apache.spark.rpc.RpcTimeout.awaitResult(RpcTimeout.scala:83)
	at org.apache.spark.rpc.RpcEnv.setupEndpointRefByURI(RpcEnv.scala:88)
	at org.apache.spark.rpc.RpcEnv.setupEndpointRef(RpcEnv.scala:96)
	at org.apache.spark.deploy.worker.Worker$$anonfun$org$apache$spark$deploy$worker$Worker$$reregisterWithMaster$1$$anon$2.run(Worker.scala:272)
	at java.util.concurrent.Executors$RunnableAdapter.call(Executors.java:471)
	at java.util.concurrent.FutureTask.run(FutureTask.java:262)
	at java.util.concurrent.ThreadPoolExecutor.runWorker(ThreadPoolExecutor.java:1145)
	at java.util.concurrent.ThreadPoolExecutor$Worker.run(ThreadPoolExecutor.java:615)
	at java.lang.Thread.run(Thread.java:745)
Caused by: java.io.IOException: Failed to connect to Hiroki-no-MacBook-Pro-2.local/192.168.3.2:7077
	at org.apache.spark.network.client.TransportClientFactory.createClient(TransportClientFactory.java:228)
	at org.apache.spark.network.client.TransportClientFactory.createClient(TransportClientFactory.java:179)
	at org.apache.spark.rpc.netty.NettyRpcEnv.createClient(NettyRpcEnv.scala:197)
	at org.apache.spark.rpc.netty.Outbox$$anon$1.call(Outbox.scala:191)
	at org.apache.spark.rpc.netty.Outbox$$anon$1.call(Outbox.scala:187)
	... 4 more
Caused by: java.net.ConnectException: Connection refused: Hiroki-no-MacBook-Pro-2.local/192.168.3.2:7077
	at sun.nio.ch.SocketChannelImpl.checkConnect(Native Method)
	at sun.nio.ch.SocketChannelImpl.finishConnect(SocketChannelImpl.java:739)
	at io.netty.channel.socket.nio.NioSocketChannel.doFinishConnect(NioSocketChannel.java:224)
	at io.netty.channel.nio.AbstractNioChannel$AbstractNioUnsafe.finishConnect(AbstractNioChannel.java:289)
	at io.netty.channel.nio.NioEventLoop.processSelectedKey(NioEventLoop.java:528)
	at io.netty.channel.nio.NioEventLoop.processSelectedKeysOptimized(NioEventLoop.java:468)
	at io.netty.channel.nio.NioEventLoop.processSelectedKeys(NioEventLoop.java:382)
	at io.netty.channel.nio.NioEventLoop.run(NioEventLoop.java:354)
	at io.netty.util.concurrent.SingleThreadEventExecutor$2.run(SingleThreadEventExecutor.java:111)
	... 1 more
16/09/10 00:33:34 INFO Worker: Retrying connection to master (attempt # 10)
16/09/10 00:33:34 INFO Worker: Connecting to master Hiroki-no-MacBook-Pro-2.local:7077...
16/09/10 00:33:34 INFO TransportClientFactory: Found inactive connection to Hiroki-no-MacBook-Pro-2.local/192.168.3.2:7077, creating a new one.
16/09/10 00:33:34 WARN Worker: Failed to connect to master Hiroki-no-MacBook-Pro-2.local:7077
org.apache.spark.SparkException: Exception thrown in awaitResult
	at org.apache.spark.rpc.RpcTimeout$$anonfun$1.applyOrElse(RpcTimeout.scala:77)
	at org.apache.spark.rpc.RpcTimeout$$anonfun$1.applyOrElse(RpcTimeout.scala:75)
	at scala.runtime.AbstractPartialFunction.apply(AbstractPartialFunction.scala:36)
	at org.apache.spark.rpc.RpcTimeout$$anonfun$addMessageIfTimeout$1.applyOrElse(RpcTimeout.scala:59)
	at org.apache.spark.rpc.RpcTimeout$$anonfun$addMessageIfTimeout$1.applyOrElse(RpcTimeout.scala:59)
	at scala.PartialFunction$OrElse.apply(PartialFunction.scala:167)
	at org.apache.spark.rpc.RpcTimeout.awaitResult(RpcTimeout.scala:83)
	at org.apache.spark.rpc.RpcEnv.setupEndpointRefByURI(RpcEnv.scala:88)
	at org.apache.spark.rpc.RpcEnv.setupEndpointRef(RpcEnv.scala:96)
	at org.apache.spark.deploy.worker.Worker$$anonfun$org$apache$spark$deploy$worker$Worker$$reregisterWithMaster$1$$anon$2.run(Worker.scala:272)
	at java.util.concurrent.Executors$RunnableAdapter.call(Executors.java:471)
	at java.util.concurrent.FutureTask.run(FutureTask.java:262)
	at java.util.concurrent.ThreadPoolExecutor.runWorker(ThreadPoolExecutor.java:1145)
	at java.util.concurrent.ThreadPoolExecutor$Worker.run(ThreadPoolExecutor.java:615)
	at java.lang.Thread.run(Thread.java:745)
Caused by: java.io.IOException: Failed to connect to Hiroki-no-MacBook-Pro-2.local/192.168.3.2:7077
	at org.apache.spark.network.client.TransportClientFactory.createClient(TransportClientFactory.java:228)
	at org.apache.spark.network.client.TransportClientFactory.createClient(TransportClientFactory.java:179)
	at org.apache.spark.rpc.netty.NettyRpcEnv.createClient(NettyRpcEnv.scala:197)
	at org.apache.spark.rpc.netty.Outbox$$anon$1.call(Outbox.scala:191)
	at org.apache.spark.rpc.netty.Outbox$$anon$1.call(Outbox.scala:187)
	... 4 more
Caused by: java.net.ConnectException: Connection refused: Hiroki-no-MacBook-Pro-2.local/192.168.3.2:7077
	at sun.nio.ch.SocketChannelImpl.checkConnect(Native Method)
	at sun.nio.ch.SocketChannelImpl.finishConnect(SocketChannelImpl.java:739)
	at io.netty.channel.socket.nio.NioSocketChannel.doFinishConnect(NioSocketChannel.java:224)
	at io.netty.channel.nio.AbstractNioChannel$AbstractNioUnsafe.finishConnect(AbstractNioChannel.java:289)
	at io.netty.channel.nio.NioEventLoop.processSelectedKey(NioEventLoop.java:528)
	at io.netty.channel.nio.NioEventLoop.processSelectedKeysOptimized(NioEventLoop.java:468)
	at io.netty.channel.nio.NioEventLoop.processSelectedKeys(NioEventLoop.java:382)
	at io.netty.channel.nio.NioEventLoop.run(NioEventLoop.java:354)
	at io.netty.util.concurrent.SingleThreadEventExecutor$2.run(SingleThreadEventExecutor.java:111)
	... 1 more
16/09/10 00:34:30 INFO Worker: Retrying connection to master (attempt # 11)
16/09/10 00:34:30 INFO Worker: Connecting to master Hiroki-no-MacBook-Pro-2.local:7077...
16/09/10 00:34:30 INFO TransportClientFactory: Found inactive connection to Hiroki-no-MacBook-Pro-2.local/192.168.3.2:7077, creating a new one.
16/09/10 00:34:30 WARN Worker: Failed to connect to master Hiroki-no-MacBook-Pro-2.local:7077
org.apache.spark.SparkException: Exception thrown in awaitResult
	at org.apache.spark.rpc.RpcTimeout$$anonfun$1.applyOrElse(RpcTimeout.scala:77)
	at org.apache.spark.rpc.RpcTimeout$$anonfun$1.applyOrElse(RpcTimeout.scala:75)
	at scala.runtime.AbstractPartialFunction.apply(AbstractPartialFunction.scala:36)
	at org.apache.spark.rpc.RpcTimeout$$anonfun$addMessageIfTimeout$1.applyOrElse(RpcTimeout.scala:59)
	at org.apache.spark.rpc.RpcTimeout$$anonfun$addMessageIfTimeout$1.applyOrElse(RpcTimeout.scala:59)
	at scala.PartialFunction$OrElse.apply(PartialFunction.scala:167)
	at org.apache.spark.rpc.RpcTimeout.awaitResult(RpcTimeout.scala:83)
	at org.apache.spark.rpc.RpcEnv.setupEndpointRefByURI(RpcEnv.scala:88)
	at org.apache.spark.rpc.RpcEnv.setupEndpointRef(RpcEnv.scala:96)
	at org.apache.spark.deploy.worker.Worker$$anonfun$org$apache$spark$deploy$worker$Worker$$reregisterWithMaster$1$$anon$2.run(Worker.scala:272)
	at java.util.concurrent.Executors$RunnableAdapter.call(Executors.java:471)
	at java.util.concurrent.FutureTask.run(FutureTask.java:262)
	at java.util.concurrent.ThreadPoolExecutor.runWorker(ThreadPoolExecutor.java:1145)
	at java.util.concurrent.ThreadPoolExecutor$Worker.run(ThreadPoolExecutor.java:615)
	at java.lang.Thread.run(Thread.java:745)
Caused by: java.io.IOException: Failed to connect to Hiroki-no-MacBook-Pro-2.local/192.168.3.2:7077
	at org.apache.spark.network.client.TransportClientFactory.createClient(TransportClientFactory.java:228)
	at org.apache.spark.network.client.TransportClientFactory.createClient(TransportClientFactory.java:179)
	at org.apache.spark.rpc.netty.NettyRpcEnv.createClient(NettyRpcEnv.scala:197)
	at org.apache.spark.rpc.netty.Outbox$$anon$1.call(Outbox.scala:191)
	at org.apache.spark.rpc.netty.Outbox$$anon$1.call(Outbox.scala:187)
	... 4 more
Caused by: java.net.ConnectException: Connection refused: Hiroki-no-MacBook-Pro-2.local/192.168.3.2:7077
	at sun.nio.ch.SocketChannelImpl.checkConnect(Native Method)
	at sun.nio.ch.SocketChannelImpl.finishConnect(SocketChannelImpl.java:739)
	at io.netty.channel.socket.nio.NioSocketChannel.doFinishConnect(NioSocketChannel.java:224)
	at io.netty.channel.nio.AbstractNioChannel$AbstractNioUnsafe.finishConnect(AbstractNioChannel.java:289)
	at io.netty.channel.nio.NioEventLoop.processSelectedKey(NioEventLoop.java:528)
	at io.netty.channel.nio.NioEventLoop.processSelectedKeysOptimized(NioEventLoop.java:468)
	at io.netty.channel.nio.NioEventLoop.processSelectedKeys(NioEventLoop.java:382)
	at io.netty.channel.nio.NioEventLoop.run(NioEventLoop.java:354)
	at io.netty.util.concurrent.SingleThreadEventExecutor$2.run(SingleThreadEventExecutor.java:111)
	... 1 more
16/09/10 00:35:26 INFO Worker: Retrying connection to master (attempt # 12)
16/09/10 00:35:26 INFO Worker: Connecting to master Hiroki-no-MacBook-Pro-2.local:7077...
16/09/10 00:35:26 INFO TransportClientFactory: Found inactive connection to Hiroki-no-MacBook-Pro-2.local/192.168.3.2:7077, creating a new one.
16/09/10 00:35:26 WARN Worker: Failed to connect to master Hiroki-no-MacBook-Pro-2.local:7077
org.apache.spark.SparkException: Exception thrown in awaitResult
	at org.apache.spark.rpc.RpcTimeout$$anonfun$1.applyOrElse(RpcTimeout.scala:77)
	at org.apache.spark.rpc.RpcTimeout$$anonfun$1.applyOrElse(RpcTimeout.scala:75)
	at scala.runtime.AbstractPartialFunction.apply(AbstractPartialFunction.scala:36)
	at org.apache.spark.rpc.RpcTimeout$$anonfun$addMessageIfTimeout$1.applyOrElse(RpcTimeout.scala:59)
	at org.apache.spark.rpc.RpcTimeout$$anonfun$addMessageIfTimeout$1.applyOrElse(RpcTimeout.scala:59)
	at scala.PartialFunction$OrElse.apply(PartialFunction.scala:167)
	at org.apache.spark.rpc.RpcTimeout.awaitResult(RpcTimeout.scala:83)
	at org.apache.spark.rpc.RpcEnv.setupEndpointRefByURI(RpcEnv.scala:88)
	at org.apache.spark.rpc.RpcEnv.setupEndpointRef(RpcEnv.scala:96)
	at org.apache.spark.deploy.worker.Worker$$anonfun$org$apache$spark$deploy$worker$Worker$$reregisterWithMaster$1$$anon$2.run(Worker.scala:272)
	at java.util.concurrent.Executors$RunnableAdapter.call(Executors.java:471)
	at java.util.concurrent.FutureTask.run(FutureTask.java:262)
	at java.util.concurrent.ThreadPoolExecutor.runWorker(ThreadPoolExecutor.java:1145)
	at java.util.concurrent.ThreadPoolExecutor$Worker.run(ThreadPoolExecutor.java:615)
	at java.lang.Thread.run(Thread.java:745)
Caused by: java.io.IOException: Failed to connect to Hiroki-no-MacBook-Pro-2.local/192.168.3.2:7077
	at org.apache.spark.network.client.TransportClientFactory.createClient(TransportClientFactory.java:228)
	at org.apache.spark.network.client.TransportClientFactory.createClient(TransportClientFactory.java:179)
	at org.apache.spark.rpc.netty.NettyRpcEnv.createClient(NettyRpcEnv.scala:197)
	at org.apache.spark.rpc.netty.Outbox$$anon$1.call(Outbox.scala:191)
	at org.apache.spark.rpc.netty.Outbox$$anon$1.call(Outbox.scala:187)
	... 4 more
Caused by: java.net.ConnectException: Connection refused: Hiroki-no-MacBook-Pro-2.local/192.168.3.2:7077
	at sun.nio.ch.SocketChannelImpl.checkConnect(Native Method)
	at sun.nio.ch.SocketChannelImpl.finishConnect(SocketChannelImpl.java:739)
	at io.netty.channel.socket.nio.NioSocketChannel.doFinishConnect(NioSocketChannel.java:224)
	at io.netty.channel.nio.AbstractNioChannel$AbstractNioUnsafe.finishConnect(AbstractNioChannel.java:289)
	at io.netty.channel.nio.NioEventLoop.processSelectedKey(NioEventLoop.java:528)
	at io.netty.channel.nio.NioEventLoop.processSelectedKeysOptimized(NioEventLoop.java:468)
	at io.netty.channel.nio.NioEventLoop.processSelectedKeys(NioEventLoop.java:382)
	at io.netty.channel.nio.NioEventLoop.run(NioEventLoop.java:354)
	at io.netty.util.concurrent.SingleThreadEventExecutor$2.run(SingleThreadEventExecutor.java:111)
	... 1 more
16/09/10 00:36:22 INFO Worker: Retrying connection to master (attempt # 13)
16/09/10 00:36:22 INFO Worker: Connecting to master Hiroki-no-MacBook-Pro-2.local:7077...
16/09/10 00:36:22 INFO TransportClientFactory: Found inactive connection to Hiroki-no-MacBook-Pro-2.local/192.168.3.2:7077, creating a new one.
16/09/10 00:36:22 WARN Worker: Failed to connect to master Hiroki-no-MacBook-Pro-2.local:7077
org.apache.spark.SparkException: Exception thrown in awaitResult
	at org.apache.spark.rpc.RpcTimeout$$anonfun$1.applyOrElse(RpcTimeout.scala:77)
	at org.apache.spark.rpc.RpcTimeout$$anonfun$1.applyOrElse(RpcTimeout.scala:75)
	at scala.runtime.AbstractPartialFunction.apply(AbstractPartialFunction.scala:36)
	at org.apache.spark.rpc.RpcTimeout$$anonfun$addMessageIfTimeout$1.applyOrElse(RpcTimeout.scala:59)
	at org.apache.spark.rpc.RpcTimeout$$anonfun$addMessageIfTimeout$1.applyOrElse(RpcTimeout.scala:59)
	at scala.PartialFunction$OrElse.apply(PartialFunction.scala:167)
	at org.apache.spark.rpc.RpcTimeout.awaitResult(RpcTimeout.scala:83)
	at org.apache.spark.rpc.RpcEnv.setupEndpointRefByURI(RpcEnv.scala:88)
	at org.apache.spark.rpc.RpcEnv.setupEndpointRef(RpcEnv.scala:96)
	at org.apache.spark.deploy.worker.Worker$$anonfun$org$apache$spark$deploy$worker$Worker$$reregisterWithMaster$1$$anon$2.run(Worker.scala:272)
	at java.util.concurrent.Executors$RunnableAdapter.call(Executors.java:471)
	at java.util.concurrent.FutureTask.run(FutureTask.java:262)
	at java.util.concurrent.ThreadPoolExecutor.runWorker(ThreadPoolExecutor.java:1145)
	at java.util.concurrent.ThreadPoolExecutor$Worker.run(ThreadPoolExecutor.java:615)
	at java.lang.Thread.run(Thread.java:745)
Caused by: java.io.IOException: Failed to connect to Hiroki-no-MacBook-Pro-2.local/192.168.3.2:7077
	at org.apache.spark.network.client.TransportClientFactory.createClient(TransportClientFactory.java:228)
	at org.apache.spark.network.client.TransportClientFactory.createClient(TransportClientFactory.java:179)
	at org.apache.spark.rpc.netty.NettyRpcEnv.createClient(NettyRpcEnv.scala:197)
	at org.apache.spark.rpc.netty.Outbox$$anon$1.call(Outbox.scala:191)
	at org.apache.spark.rpc.netty.Outbox$$anon$1.call(Outbox.scala:187)
	... 4 more
Caused by: java.net.ConnectException: Connection refused: Hiroki-no-MacBook-Pro-2.local/192.168.3.2:7077
	at sun.nio.ch.SocketChannelImpl.checkConnect(Native Method)
	at sun.nio.ch.SocketChannelImpl.finishConnect(SocketChannelImpl.java:739)
	at io.netty.channel.socket.nio.NioSocketChannel.doFinishConnect(NioSocketChannel.java:224)
	at io.netty.channel.nio.AbstractNioChannel$AbstractNioUnsafe.finishConnect(AbstractNioChannel.java:289)
	at io.netty.channel.nio.NioEventLoop.processSelectedKey(NioEventLoop.java:528)
	at io.netty.channel.nio.NioEventLoop.processSelectedKeysOptimized(NioEventLoop.java:468)
	at io.netty.channel.nio.NioEventLoop.processSelectedKeys(NioEventLoop.java:382)
	at io.netty.channel.nio.NioEventLoop.run(NioEventLoop.java:354)
	at io.netty.util.concurrent.SingleThreadEventExecutor$2.run(SingleThreadEventExecutor.java:111)
	... 1 more
16/09/10 00:37:18 INFO Worker: Retrying connection to master (attempt # 14)
16/09/10 00:37:18 INFO Worker: Connecting to master Hiroki-no-MacBook-Pro-2.local:7077...
16/09/10 00:37:18 INFO TransportClientFactory: Found inactive connection to Hiroki-no-MacBook-Pro-2.local/192.168.3.2:7077, creating a new one.
16/09/10 00:37:18 WARN Worker: Failed to connect to master Hiroki-no-MacBook-Pro-2.local:7077
org.apache.spark.SparkException: Exception thrown in awaitResult
	at org.apache.spark.rpc.RpcTimeout$$anonfun$1.applyOrElse(RpcTimeout.scala:77)
	at org.apache.spark.rpc.RpcTimeout$$anonfun$1.applyOrElse(RpcTimeout.scala:75)
	at scala.runtime.AbstractPartialFunction.apply(AbstractPartialFunction.scala:36)
	at org.apache.spark.rpc.RpcTimeout$$anonfun$addMessageIfTimeout$1.applyOrElse(RpcTimeout.scala:59)
	at org.apache.spark.rpc.RpcTimeout$$anonfun$addMessageIfTimeout$1.applyOrElse(RpcTimeout.scala:59)
	at scala.PartialFunction$OrElse.apply(PartialFunction.scala:167)
	at org.apache.spark.rpc.RpcTimeout.awaitResult(RpcTimeout.scala:83)
	at org.apache.spark.rpc.RpcEnv.setupEndpointRefByURI(RpcEnv.scala:88)
	at org.apache.spark.rpc.RpcEnv.setupEndpointRef(RpcEnv.scala:96)
	at org.apache.spark.deploy.worker.Worker$$anonfun$org$apache$spark$deploy$worker$Worker$$reregisterWithMaster$1$$anon$2.run(Worker.scala:272)
	at java.util.concurrent.Executors$RunnableAdapter.call(Executors.java:471)
	at java.util.concurrent.FutureTask.run(FutureTask.java:262)
	at java.util.concurrent.ThreadPoolExecutor.runWorker(ThreadPoolExecutor.java:1145)
	at java.util.concurrent.ThreadPoolExecutor$Worker.run(ThreadPoolExecutor.java:615)
	at java.lang.Thread.run(Thread.java:745)
Caused by: java.io.IOException: Failed to connect to Hiroki-no-MacBook-Pro-2.local/192.168.3.2:7077
	at org.apache.spark.network.client.TransportClientFactory.createClient(TransportClientFactory.java:228)
	at org.apache.spark.network.client.TransportClientFactory.createClient(TransportClientFactory.java:179)
	at org.apache.spark.rpc.netty.NettyRpcEnv.createClient(NettyRpcEnv.scala:197)
	at org.apache.spark.rpc.netty.Outbox$$anon$1.call(Outbox.scala:191)
	at org.apache.spark.rpc.netty.Outbox$$anon$1.call(Outbox.scala:187)
	... 4 more
Caused by: java.net.ConnectException: Connection refused: Hiroki-no-MacBook-Pro-2.local/192.168.3.2:7077
	at sun.nio.ch.SocketChannelImpl.checkConnect(Native Method)
	at sun.nio.ch.SocketChannelImpl.finishConnect(SocketChannelImpl.java:739)
	at io.netty.channel.socket.nio.NioSocketChannel.doFinishConnect(NioSocketChannel.java:224)
	at io.netty.channel.nio.AbstractNioChannel$AbstractNioUnsafe.finishConnect(AbstractNioChannel.java:289)
	at io.netty.channel.nio.NioEventLoop.processSelectedKey(NioEventLoop.java:528)
	at io.netty.channel.nio.NioEventLoop.processSelectedKeysOptimized(NioEventLoop.java:468)
	at io.netty.channel.nio.NioEventLoop.processSelectedKeys(NioEventLoop.java:382)
	at io.netty.channel.nio.NioEventLoop.run(NioEventLoop.java:354)
	at io.netty.util.concurrent.SingleThreadEventExecutor$2.run(SingleThreadEventExecutor.java:111)
	... 1 more
16/09/10 00:38:14 INFO Worker: Retrying connection to master (attempt # 15)
16/09/10 00:38:14 INFO Worker: Connecting to master Hiroki-no-MacBook-Pro-2.local:7077...
16/09/10 00:38:14 INFO TransportClientFactory: Found inactive connection to Hiroki-no-MacBook-Pro-2.local/192.168.3.2:7077, creating a new one.
16/09/10 00:38:14 WARN Worker: Failed to connect to master Hiroki-no-MacBook-Pro-2.local:7077
org.apache.spark.SparkException: Exception thrown in awaitResult
	at org.apache.spark.rpc.RpcTimeout$$anonfun$1.applyOrElse(RpcTimeout.scala:77)
	at org.apache.spark.rpc.RpcTimeout$$anonfun$1.applyOrElse(RpcTimeout.scala:75)
	at scala.runtime.AbstractPartialFunction.apply(AbstractPartialFunction.scala:36)
	at org.apache.spark.rpc.RpcTimeout$$anonfun$addMessageIfTimeout$1.applyOrElse(RpcTimeout.scala:59)
	at org.apache.spark.rpc.RpcTimeout$$anonfun$addMessageIfTimeout$1.applyOrElse(RpcTimeout.scala:59)
	at scala.PartialFunction$OrElse.apply(PartialFunction.scala:167)
	at org.apache.spark.rpc.RpcTimeout.awaitResult(RpcTimeout.scala:83)
	at org.apache.spark.rpc.RpcEnv.setupEndpointRefByURI(RpcEnv.scala:88)
	at org.apache.spark.rpc.RpcEnv.setupEndpointRef(RpcEnv.scala:96)
	at org.apache.spark.deploy.worker.Worker$$anonfun$org$apache$spark$deploy$worker$Worker$$reregisterWithMaster$1$$anon$2.run(Worker.scala:272)
	at java.util.concurrent.Executors$RunnableAdapter.call(Executors.java:471)
	at java.util.concurrent.FutureTask.run(FutureTask.java:262)
	at java.util.concurrent.ThreadPoolExecutor.runWorker(ThreadPoolExecutor.java:1145)
	at java.util.concurrent.ThreadPoolExecutor$Worker.run(ThreadPoolExecutor.java:615)
	at java.lang.Thread.run(Thread.java:745)
Caused by: java.io.IOException: Failed to connect to Hiroki-no-MacBook-Pro-2.local/192.168.3.2:7077
	at org.apache.spark.network.client.TransportClientFactory.createClient(TransportClientFactory.java:228)
	at org.apache.spark.network.client.TransportClientFactory.createClient(TransportClientFactory.java:179)
	at org.apache.spark.rpc.netty.NettyRpcEnv.createClient(NettyRpcEnv.scala:197)
	at org.apache.spark.rpc.netty.Outbox$$anon$1.call(Outbox.scala:191)
	at org.apache.spark.rpc.netty.Outbox$$anon$1.call(Outbox.scala:187)
	... 4 more
Caused by: java.net.ConnectException: Connection refused: Hiroki-no-MacBook-Pro-2.local/192.168.3.2:7077
	at sun.nio.ch.SocketChannelImpl.checkConnect(Native Method)
	at sun.nio.ch.SocketChannelImpl.finishConnect(SocketChannelImpl.java:739)
	at io.netty.channel.socket.nio.NioSocketChannel.doFinishConnect(NioSocketChannel.java:224)
	at io.netty.channel.nio.AbstractNioChannel$AbstractNioUnsafe.finishConnect(AbstractNioChannel.java:289)
	at io.netty.channel.nio.NioEventLoop.processSelectedKey(NioEventLoop.java:528)
	at io.netty.channel.nio.NioEventLoop.processSelectedKeysOptimized(NioEventLoop.java:468)
	at io.netty.channel.nio.NioEventLoop.processSelectedKeys(NioEventLoop.java:382)
	at io.netty.channel.nio.NioEventLoop.run(NioEventLoop.java:354)
	at io.netty.util.concurrent.SingleThreadEventExecutor$2.run(SingleThreadEventExecutor.java:111)
	... 1 more
16/09/10 00:39:10 INFO Worker: Retrying connection to master (attempt # 16)
16/09/10 00:39:10 INFO Worker: Connecting to master Hiroki-no-MacBook-Pro-2.local:7077...
16/09/10 00:39:10 INFO TransportClientFactory: Found inactive connection to Hiroki-no-MacBook-Pro-2.local/192.168.3.2:7077, creating a new one.
16/09/10 00:39:10 WARN Worker: Failed to connect to master Hiroki-no-MacBook-Pro-2.local:7077
org.apache.spark.SparkException: Exception thrown in awaitResult
	at org.apache.spark.rpc.RpcTimeout$$anonfun$1.applyOrElse(RpcTimeout.scala:77)
	at org.apache.spark.rpc.RpcTimeout$$anonfun$1.applyOrElse(RpcTimeout.scala:75)
	at scala.runtime.AbstractPartialFunction.apply(AbstractPartialFunction.scala:36)
	at org.apache.spark.rpc.RpcTimeout$$anonfun$addMessageIfTimeout$1.applyOrElse(RpcTimeout.scala:59)
	at org.apache.spark.rpc.RpcTimeout$$anonfun$addMessageIfTimeout$1.applyOrElse(RpcTimeout.scala:59)
	at scala.PartialFunction$OrElse.apply(PartialFunction.scala:167)
	at org.apache.spark.rpc.RpcTimeout.awaitResult(RpcTimeout.scala:83)
	at org.apache.spark.rpc.RpcEnv.setupEndpointRefByURI(RpcEnv.scala:88)
	at org.apache.spark.rpc.RpcEnv.setupEndpointRef(RpcEnv.scala:96)
	at org.apache.spark.deploy.worker.Worker$$anonfun$org$apache$spark$deploy$worker$Worker$$reregisterWithMaster$1$$anon$2.run(Worker.scala:272)
	at java.util.concurrent.Executors$RunnableAdapter.call(Executors.java:471)
	at java.util.concurrent.FutureTask.run(FutureTask.java:262)
	at java.util.concurrent.ThreadPoolExecutor.runWorker(ThreadPoolExecutor.java:1145)
	at java.util.concurrent.ThreadPoolExecutor$Worker.run(ThreadPoolExecutor.java:615)
	at java.lang.Thread.run(Thread.java:745)
Caused by: java.io.IOException: Failed to connect to Hiroki-no-MacBook-Pro-2.local/192.168.3.2:7077
	at org.apache.spark.network.client.TransportClientFactory.createClient(TransportClientFactory.java:228)
	at org.apache.spark.network.client.TransportClientFactory.createClient(TransportClientFactory.java:179)
	at org.apache.spark.rpc.netty.NettyRpcEnv.createClient(NettyRpcEnv.scala:197)
	at org.apache.spark.rpc.netty.Outbox$$anon$1.call(Outbox.scala:191)
	at org.apache.spark.rpc.netty.Outbox$$anon$1.call(Outbox.scala:187)
	... 4 more
Caused by: java.net.ConnectException: Connection refused: Hiroki-no-MacBook-Pro-2.local/192.168.3.2:7077
	at sun.nio.ch.SocketChannelImpl.checkConnect(Native Method)
	at sun.nio.ch.SocketChannelImpl.finishConnect(SocketChannelImpl.java:739)
	at io.netty.channel.socket.nio.NioSocketChannel.doFinishConnect(NioSocketChannel.java:224)
	at io.netty.channel.nio.AbstractNioChannel$AbstractNioUnsafe.finishConnect(AbstractNioChannel.java:289)
	at io.netty.channel.nio.NioEventLoop.processSelectedKey(NioEventLoop.java:528)
	at io.netty.channel.nio.NioEventLoop.processSelectedKeysOptimized(NioEventLoop.java:468)
	at io.netty.channel.nio.NioEventLoop.processSelectedKeys(NioEventLoop.java:382)
	at io.netty.channel.nio.NioEventLoop.run(NioEventLoop.java:354)
	at io.netty.util.concurrent.SingleThreadEventExecutor$2.run(SingleThreadEventExecutor.java:111)
	... 1 more
16/09/10 00:40:06 ERROR Worker: All masters are unresponsive! Giving up.
16/09/10 00:40:06 INFO ShutdownHookManager: Shutdown hook called
16/09/10 00:40:06 INFO ShutdownHookManager: Deleting directory /private/var/folders/9g/l7wqtj8916z3x56s1mvqhbq80000gq/T/spark-a265d361-3499-4914-9e9e-35ce4a9d61f3
